<?xml version="1.0" encoding="UTF-8"?>
<testsuite xmlns:xsi="http://www.w3.org/2001/XMLSchema-instance" xsi:noNamespaceSchemaLocation="https://maven.apache.org/surefire/maven-surefire-plugin/xsd/surefire-test-report.xsd" version="3.0.2" name="fun.ychen.iot.IotDashboardApiApplicationTests" time="0.695" tests="1" errors="0" skipped="0" failures="0">
  <properties>
[...]
</properties>
  <testcase name="contextLoads" classname="fun.ychen.iot.IotDashboardApiApplicationTests" time="0.006">
    <system-out><![CDATA[2025-06-15T14:05:17.648+08:00  INFO 29836 --- [           main] t.c.s.AnnotationConfigContextLoaderUtils : Could not detect default configuration classes for test class [fun.ychen.iot.IotDashboardApiApplicationTests]: IotDashboardApiApplicationTests does not declare any static, non-private, non-final, nested classes annotated with @Configuration.
2025-06-15T14:05:17.653+08:00  INFO 29836 --- [           main] .b.t.c.SpringBootTestContextBootstrapper : Found @SpringBootConfiguration fun.ychen.iot.IotDashboardApiApplication for test class fun.ychen.iot.IotDashboardApiApplicationTests
2025-06-15T14:05:17.655+08:00  INFO 29836 --- [           main] o.s.b.d.r.RestartApplicationListener     : Restart disabled due to context in which it is running
fun

2025-06-15T14:05:17.679+08:00  INFO 29836 --- [           main] f.y.iot.IotDashboardApiApplicationTests  : Starting IotDashboardApiApplicationTests using Java 17.0.0.1 with PID 29836 (started by dd-money in E:\Documents\MyProfiles\实训-物联网平台的设计与开发\code\smart_school_dashboard\iot-dashboard-api)
2025-06-15T14:05:17.679+08:00  INFO 29836 --- [           main] f.y.iot.IotDashboardApiApplicationTests  : The following 1 profile is active: "dev"
2025-06-15T14:05:17.885+08:00  INFO 29836 --- [           main] .s.d.r.c.RepositoryConfigurationDelegate : Multiple Spring Data modules found, entering strict repository configuration mode
2025-06-15T14:05:17.885+08:00  INFO 29836 --- [           main] .s.d.r.c.RepositoryConfigurationDelegate : Bootstrapping Spring Data Redis repositories in DEFAULT mode.
2025-06-15T14:05:17.892+08:00  INFO 29836 --- [           main] .s.d.r.c.RepositoryConfigurationDelegate : Finished Spring Data repository scanning in 5 ms. Found 0 Redis repository interfaces.
Logging initialized using 'class org.apache.ibatis.logging.stdout.StdOutImpl' adapter.
Get /192.168.10.20 network interface 
Get network interface info: name:eth4 (Realtek Gaming GbE Family Controller)
Initialization Sequence datacenterId:20 workerId:22
 _ _   |_  _ _|_. ___ _ |    _ 
| | |\/|_)(_| | |_\  |_)||_|_\ 
     /               |         
                        3.5.11 
2025-06-15T14:05:18.311+08:00  INFO 29836 --- [           main] o.s.b.a.e.web.EndpointLinksResolver      : Exposing 1 endpoint beneath base path '/actuator'
2025-06-15T14:05:18.333+08:00  INFO 29836 --- [           main] f.y.iot.IotDashboardApiApplicationTests  : Started IotDashboardApiApplicationTests in 0.678 seconds (process running for 8.068)
Knife4J 文档地址: http://localhost:8080/doc.html
]]></system-out>
  </testcase>
</testsuite>